<?xml version="1.0" encoding="UTF-8"?>
<testsuite name="&quot;O&quot; win tests" tests="8" skipped="0" failures="0" errors="0" timestamp="2023-02-12T17:54:36" hostname="LAPTOP-LP5TH8UF" time="0.045">
  <properties/>
  <testcase name="testOWinsInSlopeFromRightToLeft()" classname="com.kodilla.tictactoe.TicTacToeTestSuite$OWinTests" time="0.003"/>
  <testcase name="testOWinsInColumn0()" classname="com.kodilla.tictactoe.TicTacToeTestSuite$OWinTests" time="0.003"/>
  <testcase name="testOWinsInColumn1()" classname="com.kodilla.tictactoe.TicTacToeTestSuite$OWinTests" time="0.004"/>
  <testcase name="testOWinsInColumn2()" classname="com.kodilla.tictactoe.TicTacToeTestSuite$OWinTests" time="0.003"/>
  <testcase name="testOWinsInRow0()" classname="com.kodilla.tictactoe.TicTacToeTestSuite$OWinTests" time="0.004"/>
  <testcase name="testOWinsInRow1()" classname="com.kodilla.tictactoe.TicTacToeTestSuite$OWinTests" time="0.003"/>
  <testcase name="testOWinsInRow2()" classname="com.kodilla.tictactoe.TicTacToeTestSuite$OWinTests" time="0.003"/>
  <testcase name="testOWinsInSlopeFromLeftToRight()" classname="com.kodilla.tictactoe.TicTacToeTestSuite$OWinTests" time="0.003"/>
  <system-out><![CDATA[Preparing to execute test #12
Preparing to execute test #13
Preparing to execute test #14
Preparing to execute test #15
Preparing to execute test #16
Preparing to execute test #17
Preparing to execute test #18
Preparing to execute test #19
]]></system-out>
  <system-err><![CDATA[]]></system-err>
</testsuite>
