<?xml version="1.0" encoding="UTF-8"?>
<testsuite name="Tie tests" tests="2" skipped="0" failures="0" errors="0" timestamp="2023-02-12T17:54:36" hostname="LAPTOP-LP5TH8UF" time="0.012">
  <properties/>
  <testcase name="testTieExample1()" classname="com.kodilla.tictactoe.TicTacToeTestSuite$TieTests" time="0.006"/>
  <testcase name="testTieExample2()" classname="com.kodilla.tictactoe.TicTacToeTestSuite$TieTests" time="0.004"/>
  <system-out><![CDATA[Preparing to execute test #2
Preparing to execute test #3
]]></system-out>
  <system-err><![CDATA[]]></system-err>
</testsuite>
