<?xml version="1.0" encoding="UTF-8"?>
<testsuite name="Exception tests" tests="1" skipped="0" failures="0" errors="0" timestamp="2023-02-12T17:54:36" hostname="LAPTOP-LP5TH8UF" time="0.084">
  <properties/>
  <testcase name="testMoveOnTakenPlaceException()" classname="com.kodilla.tictactoe.TicTacToeTestSuite$ExceptionTests" time="0.084"/>
  <system-out><![CDATA[Preparing to execute test #1
]]></system-out>
  <system-err><![CDATA[]]></system-err>
</testsuite>
